::1 - - [04/May/2026:18:23:07 +0000] "GET /checkout HTTP/1.1" 404 162 "-" "Mozilla/5.0 (Macintosh; Intel Mac OS X 10_15_7) Safari/537.36"
::1 - - [04/May/2026:18:23:07 +0000] "GET /database HTTP/1.1" 404 162 "-" "Mozilla/5.0 (iPhone; CPU iPhone OS 16_0) AppleWebKit/605.1.15"
::1 - - [04/May/2026:18:23:08 +0000] "GET /wp-admin HTTP/1.1" 404 564 "-" "Mozilla/5.0 (Windows NT 10.0; Win64; x64) Chrome/120.0.0.0"
::1 - - [04/May/2026:18:23:10 +0000] "GET /contact HTTP/1.1" 404 162 "-" "Mozilla/5.0 (Macintosh; Intel Mac OS X 10_15_7) Safari/537.36"
::1 - - [04/May/2026:18:23:11 +0000] "GET /shop HTTP/1.1" 404 162 "-" "Mozilla/5.0 (iPhone; CPU iPhone OS 16_0) AppleWebKit/605.1.15"
::1 - - [04/May/2026:18:23:11 +0000] "GET /.env HTTP/1.1" 404 564 "-" "Mozilla/5.0 (Windows NT 10.0; Win64; x64) Chrome/120.0.0.0"
::1 - - [04/May/2026:18:23:12 +0000] "GET /config.php HTTP/1.1" 404 162 "-" "Mozilla/5.0 (iPhone; CPU iPhone OS 16_0) AppleWebKit/605.1.15"
::1 - - [04/May/2026:18:23:13 +0000] "GET /login HTTP/1.1" 404 162 "-" "Mozilla/5.0 (iPhone; CPU iPhone OS 16_0) AppleWebKit/605.1.15"
::1 - - [04/May/2026:18:24:12 +0000] "GET / HTTP/1.1" 200 615 "-" "curl/8.5.0"
::1 - - [04/May/2026:18:24:13 +0000] "GET / HTTP/1.1" 200 615 "-" "curl/8.5.0"
::1 - - [04/May/2026:18:24:14 +0000] "GET / HTTP/1.1" 200 615 "-" "curl/8.5.0"
::1 - - [04/May/2026:18:24:15 +0000] "GET / HTTP/1.1" 200 615 "-" "curl/8.5.0"
::1 - - [04/May/2026:18:24:16 +0000] "GET / HTTP/1.1" 200 615 "-" "curl/8.5.0"
::1 - - [04/May/2026:18:24:18 +0000] "GET / HTTP/1.1" 200 615 "-" "curl/8.5.0"
::1 - - [04/May/2026:20:26:45 +0000] "GET /secret HTTP/1.1" 404 162 "-" "Mozilla/5.0 (Windows NT 10.0; Win64; x64; rv:109.0) Firefox/121.0"
::1 - - [04/May/2026:20:26:46 +0000] "GET /checkout HTTP/1.1" 404 564 "-" "Mozilla/5.0 (Linux; Android 13) AppleWebKit/537.36 Chrome/120.0"
::1 - - [04/May/2026:20:26:47 +0000] "GET /products HTTP/1.1" 404 564 "-" "Mozilla/5.0 (Linux; Android 13) AppleWebKit/537.36 Chrome/120.0"
::1 - - [04/May/2026:20:26:48 +0000] "GET /shell.php HTTP/1.1" 404 564 "-" "Mozilla/5.0 (Linux; Android 13) AppleWebKit/537.36 Chrome/120.0"
::1 - - [04/May/2026:20:26:48 +0000] "GET /login HTTP/1.1" 404 162 "-" "Mozilla/5.0 (iPhone; CPU iPhone OS 16_0) AppleWebKit/605.1.15"
::1 - - [04/May/2026:20:26:49 +0000] "GET /products HTTP/1.1" 404 162 "-" "Mozilla/5.0 (Macintosh; Intel Mac OS X 10_15_7) Safari/537.36"
::1 - - [04/May/2026:20:26:50 +0000] "GET /database HTTP/1.1" 404 162 "-" "Mozilla/5.0 (Macintosh; Intel Mac OS X 10_15_7) Safari/537.36"
::1 - - [04/May/2026:20:26:52 +0000] "GET /shop HTTP/1.1" 404 564 "-" "Mozilla/5.0 (Linux; Android 13) AppleWebKit/537.36 Chrome/120.0"
::1 - - [04/May/2026:20:26:52 +0000] "GET /shop HTTP/1.1" 404 564 "-" "Mozilla/5.0 (Linux; Android 13) AppleWebKit/537.36 Chrome/120.0"
::1 - - [04/May/2026:20:26:54 +0000] "GET /index.html HTTP/1.1" 404 162 "-" "Mozilla/5.0 (iPhone; CPU iPhone OS 16_0) AppleWebKit/605.1.15"
::1 - - [04/May/2026:20:26:54 +0000] "GET /shop HTTP/1.1" 404 564 "-" "Mozilla/5.0 (Linux; Android 13) AppleWebKit/537.36 Chrome/120.0"
::1 - - [04/May/2026:20:26:55 +0000] "GET /products HTTP/1.1" 404 564 "-" "Mozilla/5.0 (Linux; Android 13) AppleWebKit/537.36 Chrome/120.0"
::1 - - [04/May/2026:20:26:55 +0000] "GET /backup HTTP/1.1" 404 162 "-" "curl/8.5.0"
::1 - - [04/May/2026:20:26:55 +0000] "GET /config.php HTTP/1.1" 404 162 "-" "curl/8.5.0"
::1 - - [04/May/2026:20:26:55 +0000] "GET /admin HTTP/1.1" 404 162 "-" "curl/8.5.0"
::1 - - [04/May/2026:20:26:55 +0000] "GET /private HTTP/1.1" 404 162 "-" "curl/8.5.0"
::1 - - [04/May/2026:20:26:55 +0000] "GET /backup HTTP/1.1" 404 162 "-" "curl/8.5.0"
::1 - - [04/May/2026:20:26:56 +0000] "GET /about HTTP/1.1" 404 162 "-" "Mozilla/5.0 (Windows NT 10.0; Win64; x64; rv:109.0) Firefox/121.0"
::1 - - [04/May/2026:20:26:57 +0000] "GET /config.php HTTP/1.1" 404 564 "-" "Mozilla/5.0 (Linux; Android 13) AppleWebKit/537.36 Chrome/120.0"
::1 - - [04/May/2026:20:26:58 +0000] "GET /login HTTP/1.1" 404 564 "-" "Mozilla/5.0 (Linux; Android 13) AppleWebKit/537.36 Chrome/120.0"
::1 - - [04/May/2026:20:26:59 +0000] "GET /shell.php HTTP/1.1" 404 162 "-" "Mozilla/5.0 (Macintosh; Intel Mac OS X 10_15_7) Safari/537.36"
::1 - - [04/May/2026:20:26:59 +0000] "GET /hack HTTP/1.1" 404 564 "-" "Mozilla/5.0 (Windows NT 10.0; Win64; x64) Chrome/120.0.0.0"
::1 - - [04/May/2026:20:27:01 +0000] "GET /checkout HTTP/1.1" 404 162 "-" "Mozilla/5.0 (iPhone; CPU iPhone OS 16_0) AppleWebKit/605.1.15"
::1 - - [04/May/2026:20:27:02 +0000] "GET /products HTTP/1.1" 404 162 "-" "Mozilla/5.0 (Windows NT 10.0; Win64; x64; rv:109.0) Firefox/121.0"
::1 - - [04/May/2026:20:27:02 +0000] "GET /index.html HTTP/1.1" 404 564 "-" "Mozilla/5.0 (Linux; Android 13) AppleWebKit/537.36 Chrome/120.0"
::1 - - [04/May/2026:20:27:02 +0000] "GET /hack HTTP/1.1" 404 564 "-" "Mozilla/5.0 (Linux; Android 13) AppleWebKit/537.36 Chrome/120.0"
::1 - - [04/May/2026:20:27:03 +0000] "GET /admin HTTP/1.1" 404 564 "-" "Mozilla/5.0 (Linux; Android 13) AppleWebKit/537.36 Chrome/120.0"
::1 - - [04/May/2026:20:27:03 +0000] "GET /login HTTP/1.1" 404 162 "-" "Mozilla/5.0 (iPhone; CPU iPhone OS 16_0) AppleWebKit/605.1.15"
::1 - - [04/May/2026:20:27:04 +0000] "GET /login HTTP/1.1" 404 162 "-" "Mozilla/5.0 (Windows NT 10.0; Win64; x64; rv:109.0) Firefox/121.0"
::1 - - [04/May/2026:20:27:06 +0000] "GET / HTTP/1.1" 200 615 "-" "Mozilla/5.0 (Macintosh; Intel Mac OS X 10_15_7) Safari/537.36"
::1 - - [04/May/2026:20:27:07 +0000] "GET / HTTP/1.1" 200 615 "-" "Mozilla/5.0 (Windows NT 10.0; Win64; x64) Chrome/120.0.0.0"
::1 - - [04/May/2026:20:27:08 +0000] "GET /admin HTTP/1.1" 404 564 "-" "Mozilla/5.0 (Windows NT 10.0; Win64; x64) Chrome/120.0.0.0"
::1 - - [04/May/2026:20:27:09 +0000] "GET /admin HTTP/1.1" 404 162 "-" "Mozilla/5.0 (Macintosh; Intel Mac OS X 10_15_7) Safari/537.36"
::1 - - [04/May/2026:20:27:11 +0000] "GET /wp-admin HTTP/1.1" 404 162 "-" "Mozilla/5.0 (Windows NT 10.0; Win64; x64; rv:109.0) Firefox/121.0"
::1 - - [04/May/2026:20:27:11 +0000] "GET /database HTTP/1.1" 404 162 "-" "Mozilla/5.0 (Macintosh; Intel Mac OS X 10_15_7) Safari/537.36"
::1 - - [04/May/2026:20:58:02 +0000] "GET / HTTP/1.1" 200 615 "-" "curl/8.5.0"